# Command:
#   > ./chroot_setup.sh chroot_OPS_NODE.lst /QOpenSys/root_path
# Note:
#   This file assume prior chroot_minimal.lst (or uncomment below)
#     > ./chroot_setup.sh chroot_minimal.lst /QOpenSys/root_path
#

#
# copy dirs list
# (
#  mkdir -p $CHROOT_DIR/path
#  cp -R  /path/* $CHROOT_DIR/path/.
# )
#
:cp_dir
/QOpenSys/QIBM/ProdData/Node


#
# fix relative links list
# (
#   cd $CHROOT_DIR/QOpenSys/usr/bin/
#   ln node ../../QIBM/ProdData/Node/bin/node
# )
#
:ln_fix_rel
/QOpenSys/usr/bin/node ../../QIBM/ProdData/Node/bin/node
/QOpenSys/usr/bin/npm  ../../QIBM/ProdData/Node/bin/npm
/QOpenSys/usr/lib/libgcc_s.a  ../../QIBM/ProdData/Node/lib/libgcc_s.a
/QOpenSys/usr/lib/libstdc++.a  ../../QIBM/ProdData/Node/lib/libstdc++.a


