# includes: /QOpenSys/QIBM/ProdData/OPS/.qptfinf.QGCC.dat
# includes: /QOpenSys/QIBM/ProdData/OPS/.qptfinf.QPY2.dat
# includes: /QOpenSys/QIBM/ProdData/OPS/.qptfinf.QCI.dat
# includes: /QOpenSys/QIBM/ProdData/OPS/.qptfinf.QORION.dat
# includes: /QOpenSys/QIBM/ProdData/OPS/.qptfinf.QPYTHON.dat
# includes: /QOpenSys/QIBM/ProdData/OPS/.qptfinf.QPYDB.dat
# includes: /QOpenSys/QIBM/ProdData/OPS/.qptfinf.QPYTLKT.dat
# includes: /QOpenSys/QIBM/ProdData/OPS/.qptfinf.QPYFLIP.dat
# includes: /QOpenSys/QIBM/ProdData/OPS/.qptfinf.QPYBTL.dat
# includes: /QOpenSys/QIBM/ProdData/OPS/.qptfinf.QPYDB2.dat
# includes: /QOpenSys/QIBM/ProdData/OPS/.qptfinf.QPYTLKT2.dat
# includes: /QOpenSys/QIBM/ProdData/OPS/.qptfinf.QLIBGCC482.dat
# includes: /QOpenSys/QIBM/ProdData/OPS/.qptfinf.QGIT.dat
# includes: /QOpenSys/QIBM/ProdData/OPS/.qptfinf.QICONV.dat
# includes: /QOpenSys/QIBM/ProdData/OPS/.qptfinf.QBASH.dat
# includes: /QOpenSys/QIBM/ProdData/OPS/.qptfinf.QUNZIP.dat
# includes: /QOpenSys/QIBM/ProdData/OPS/.qptfinf.QZIP.dat
# includes: /QOpenSys/QIBM/ProdData/OPS/.qptfinf.QNODE4.dat
#
# ignore (source): /QOpenSys/QIBM/ProdData/OPS/source/zip30.tar.gz
# ignore (source): /QOpenSys/QIBM/ProdData/OPS/source
# ignore (qptfinf): /QOpenSys/QIBM/ProdData/OPS/.qptfinf.QZIP.dat

:cp_dir
/QOpenSys/QIBM/ProdData/OPS/tools




