:rm
/dev/null
/dev/ptc
/dev/tty
/dev/urandom
/dev/zero
/dev/pts/0
/dev/pts/1
/dev/pts/2
/dev/pts/3
/dev/pts/4
/dev/pts/5
/dev/pts/6
/dev/pts/7
/dev/pts/8
/dev/pts/9
/dev/ptyp0
/dev/ttyp0
/dev/ptyp1
/dev/ttyp1
/dev/ptyp2
/dev/ttyp2
/dev/ptyp3
/dev/ttyp3
/dev/ptyp4
/dev/ttyp4
/dev/ptyp5
/dev/ttyp5
/dev/ptyp6
/dev/ttyp6
/dev/ptyp7
/dev/ttyp7
/dev/ptyp8
/dev/ttyp8
/dev/ptyp9
/dev/ttyp9
/dev/ptypa
/dev/ttypa
/dev/ptypb
/dev/ttypb
/dev/ptypc
/dev/ttypc
/dev/ptypd
/dev/ttypd
/dev/ptype
/dev/ttype
/dev/ptypf
/dev/ttypf
/dev/xti/tcp
/dev/xti/udp
