# includes: /QOpenSys/QIBM/ProdData/OPS/.qptfinf.QPY2.dat
#
# ignore (qptfinf): /QOpenSys/QIBM/ProdData/OPS/.qptfinf.QPY2.dat
# ignore (file): /QOpenSys/QIBM/ProdData/OPS/.qptfinf.QPY2.dat

:cp_dir
/QOpenSys/QIBM/ProdData/OPS/Python2.7

:ln_rel
/QOpenSys/usr/lib/libpython2.7.so /QOpenSys/QIBM/ProdData/OPS/Python2.7/lib/libpython2.7.so
/QOpenSys/usr/bin/python /QOpenSys/QIBM/ProdData/OPS/Python2.7/bin/python
/QOpenSys/usr/bin/python2 /QOpenSys/QIBM/ProdData/OPS/Python2.7/bin/python2
/QOpenSys/usr/bin/python2.7 /QOpenSys/QIBM/ProdData/OPS/Python2.7/bin/python2.7
/QOpenSys/usr/bin/python-config /QOpenSys/QIBM/ProdData/OPS/Python2.7/bin/python-config
/QOpenSys/usr/bin/python2-config /QOpenSys/QIBM/ProdData/OPS/Python2.7/bin/python2-config
/QOpenSys/usr/bin/python2.7-config /QOpenSys/QIBM/ProdData/OPS/Python2.7/bin/python2.7-config
/QOpenSys/usr/bin/pip /QOpenSys/QIBM/ProdData/OPS/Python2.7/bin/pip
/QOpenSys/usr/bin/pip2 /QOpenSys/QIBM/ProdData/OPS/Python2.7/bin/pip2
/QOpenSys/usr/bin/pip2.7 /QOpenSys/QIBM/ProdData/OPS/Python2.7/bin/pip2.7
/QOpenSys/usr/bin/pydoc /QOpenSys/QIBM/ProdData/OPS/Python2.7/bin/pydoc
/QOpenSys/usr/bin/pydoc /QOpenSys/QIBM/ProdData/OPS/Python2.7/bin/pydoc
/QOpenSys/usr/bin/easy_install /QOpenSys/QIBM/ProdData/OPS/Python2.7/bin/easy_install
/QOpenSys/usr/bin/easy_install-2.7 /QOpenSys/QIBM/ProdData/OPS/Python2.7/bin/easy_install-2.7
/QOpenSys/QIBM/ProdData/OPS/Python2.7/bin/python python2
/QOpenSys/QIBM/ProdData/OPS/Python2.7/bin/python2 python2.7
/QOpenSys/QIBM/ProdData/OPS/Python2.7/bin/python2-config python2.7-config
/QOpenSys/QIBM/ProdData/OPS/Python2.7/bin/python-config python2-config
/QOpenSys/QIBM/ProdData/OPS/Python2.7/lib/pkgconfig/python2.pc python-2.7.pc
/QOpenSys/QIBM/ProdData/OPS/Python2.7/lib/pkgconfig/python.pc python2.pc




