# Command:
#   > ./chroot_setup.sh chroot_ZendDBi.lst /QOpenSys/root_path
#

#
# tar list
# ( example: /QOpenSys/usr/lib/nls/loc
#    mkdir -p $CHROOT_DIR/QOpenSys/usr/lib/nls/loc
#    cd /QOpenSys/usr/lib/nls
#    tar -chf $CHROOT_DIR/QOpenSys/usr/lib/nls/loc.tar loc
#    cd $CHROOT_DIR/QOpenSys/usr/lib/nls
#    tar -xf loc.tar
# )
#
:tar_dir
/usr/local/mysql-5.1.59-i5os-power-64bit
/usr/local/mysqldata

#
# relative links list
# (
#   ls -l /QOpenSys/usr/bin/c_rehash
#   /QOpenSys/usr/bin/c_rehash -> ../../QIBM/ProdData/SC1/OpenSSL/openssl-0.9.8j/bin/c_rehash
#   cd $CHROOT_DIR/QOpenSys/usr/bin/
#   ln ../../QIBM/ProdData/SC1/OpenSSL/openssl-0.9.8j/bin/c_rehash c_rehash
# )
#
:ln_rel
/usr/local/mysql mysql-5.1.59-i5os-power-64bit

