# includes: /QOpenSys/QIBM/ProdData/OPS/.qptfinf.QLIBGCC482.dat
# includes: /QOpenSys/QIBM/ProdData/OPS/.qptfinf.QGIT.dat
# includes: /QOpenSys/QIBM/ProdData/OPS/.qptfinf.QICONV.dat
# includes: /QOpenSys/QIBM/ProdData/OPS/.qptfinf.QBASH.dat
# includes: /QOpenSys/QIBM/ProdData/OPS/.qptfinf.QUNZIP.dat
# includes: /QOpenSys/QIBM/ProdData/OPS/.qptfinf.QZIP.dat
# includes: /QOpenSys/QIBM/ProdData/OPS/.qptfinf.QGZIP.dat
# includes: /QOpenSys/QIBM/ProdData/OPS/.qptfinf.QXZ.dat
# includes: /QOpenSys/QIBM/ProdData/OPS/.qptfinf.QTAR.dat
# includes: /QOpenSys/QIBM/ProdData/OPS/.qptfinf.QOPSVER00.dat
# includes: /QOpenSys/QIBM/ProdData/OPS/.qptfinf.QWGET.dat
# includes: /QOpenSys/QIBM/ProdData/OPS/.qptfinf.QCURL.dat
# includes: /QOpenSys/QIBM/ProdData/OPS/.qptfinf.QRSYNC.dat
# includes: /QOpenSys/QIBM/ProdData/OPS/.qptfinf.QSQLITE3.dat
# includes: /QOpenSys/QIBM/ProdData/OPS/.qptfinf.QPERL5.dat
#
# ignore (source): /QOpenSys/QIBM/ProdData/OPS/source/perl-5.22.0.tar.gz
# ignore (file): /QOpenSys/QIBM/ProdData/OPS/source/perl-5.22.0.tar.gz
# ignore (source): /QOpenSys/QIBM/ProdData/OPS/source
# ignore (qptfinf): /QOpenSys/QIBM/ProdData/OPS/.qptfinf.QPERL5.dat
# ignore (file): /QOpenSys/QIBM/ProdData/OPS/.qptfinf.QPERL5.dat

:cp_dir
/QOpenSys/QIBM/ProdData/OPS/tools

:ln_rel
/QOpenSys/usr/bin/perl /QOpenSys/QIBM/ProdData/OPS/tools/bin/perl




